=== 01l_DataQuality_and_Balance | started 2026-03-14 16:18:44 ===
=== 01l: DATA QUALITY + DESCRIPTIVE + BALANCE ===


--- S0: Loading data ---

  annual_data: 2,969,463 fy | 172,190 facilities | 12 states

  tanks_1998: 210,103 tanks (61,782 TX | 148,321 CTL)


--- S1: MM sample + overlap ---

  Cells: 85 total | 77 overlap | 0 TX-only | 8 CTL-only

  MM facilities: 171,885 (54,034 TX | 117,851 CTL)


--- S2: Subsets ---

  1998 fac: Full=84,880 | MM=84,575

  Pre-reform fac-years: Full=979,619 | MM=977,699


--- S2b: Cell coverage ---

  Fac cells  — Full: 85 tot | 77 id | 0 TX-only | 8 CTL-only

  Tank cells — Full: 1923 tot | 1095 id | MM: 455 tot | 282 id


--- S3: Cell x year diff computation ---

  CYW summary for Panel B:



========== PART I: PARALLEL TRENDS FIGURES ==========

  Computing three diff series...

  Pre-reform avg diff by series:

  Figure_DiffComparison saved (standalone three-way diff)

  Individual panels saved (1A, 1B, 2A, 2B, 2C)



========== PART II: TABLE 0 (DESCRIPTIVE) ==========

  Building Panel A...

  Building Panel B...

  Building Panel C...


=== Table 0 Preview ===

  Table0_Descriptive written.



========== PART III: TABLE 1 (PROGRESSIVE BALANCE — APPENDIX) ==========


=== Table 1: Progressive Balance ===

  Table1_Balance written.



========== PART IV: CELL-LEVEL BALANCE DETAIL ==========

  TableA_Balance_CellDetail written.



========== PART V: APPENDIX TABLES ==========

  Table B.1

  [tbl] TableB1_Attrition_Log.csv

  [tex] TableB1_Attrition_Log.tex

  Table B.3

  [tbl] TableB3_Missing_Date_Balance.csv

  [tex] TableB3_Missing_Date_Balance.tex

  Table A.0

  DQ columns: state, study_group, total_tanks, pct_closed_missing_date, pct_missing_install_date, pct_miss_lat, pct_miss_county, pct_miss_capacity, pct_miss_tank_status, pct_miss_tank_substance, pct_miss_tank_type, pct_miss_fips, total_lusts, n_missing_report_date

  WARNING — Remainder in DQ but in CONTROL_STATES: GA, MO, WV

  [tbl] TableA0_DataQuality_ByState.csv

  [tex] TableA0_DataQuality_ByState.tex

  TableA0_DataQuality_ByState written.



=== 01l COMPLETE ===

  Figure_RestrictionEarnsParallelTrends (2x2)

  Table1_Balance.tex          (3-row)

  TableB1_Attrition_Log.tex

  TableB3_Missing_Date_Balance.tex

  TableA0_DataQuality_ByState.tex

=== 01l_DataQuality_and_Balance complete 2026-03-14 16:21:07 ===
