=== 01l_DataQuality_and_Balance | started 2026-03-16 13:58:47 ===
=== 01l: DATA QUALITY + DESCRIPTIVE + BALANCE ===


--- S0: Loading data ---

  annual_data: 2,969,463 fy | 172,190 facilities | 12 states

  tanks_1998: 210,103 tanks (61,782 TX | 148,321 CTL)


--- S1: MM sample + overlap ---

  Cells: 85 total | 77 overlap | 0 TX-only | 8 CTL-only

  MM facilities: 171,885 (54,034 TX | 117,851 CTL)


--- S2: Subsets ---

  1998 fac: Full=84,880 | MM=84,575

  Pre-reform fac-years: Full=979,619 | MM=977,699


--- S2b: Cell coverage ---

  Fac cells  — Full: 85 tot | 77 id | 0 TX-only | 8 CTL-only

  Tank cells — Full: 1923 tot | 1095 id | MM: 455 tot | 282 id


--- S3: Cell x year diff computation ---

  Regression-sample cells: 47 of 77 overlap cells pass (Unknown-Wall/Fuel dropped; n_TX >= 10)

  Cell-years with both TX and CTL: 423 (of 423 total)

  cell_year: 423 obs | 47 cells | 9 years

  cell_stats: 47 cells | 289,732 TX fy | 615,612 CTL fy

  Unweighted avg closure diff: -0.092pp | FY-weighted: -0.416pp

  Unweighted avg LUST diff:    -1.288pp | FY-weighted: -2.085pp

  Unweighted avg replace diff: +0.024pp | FY-weighted: -0.077pp

  CYW Panel B summary:

    Closure:     TX=13.47%  CTL=13.88%  Diff=-0.42pp

    LUST:        TX=1.12%  CTL=3.20%  Diff=-2.08pp

    Replacement: TX=1.07%  CTL=1.15%  Diff=-0.08pp



========== PART I: PARALLEL TRENDS FIGURES ==========

  Computing three diff series...

  Pre-reform avg diff by series:

  [fig] Figure_RestrictionEarnsParallelTrends_Panel1A

  [fig] Figure_RestrictionEarnsParallelTrends_Panel1B

  [fig] Figure_RestrictionEarnsParallelTrends_Panel2A

  [fig] Figure_RestrictionEarnsParallelTrends_Panel2B

  [fig] Figure_RestrictionEarnsParallelTrends_Combined

  Figure_DiffComparison saved (standalone)

  Individual panels saved (1A, 1B, 2A, 2B)



========== PART II: TABLE 0 (DESCRIPTIVE) ==========

  Building Panel A...

  Building Panel B...

  Building Panel C...


=== Table 0 Preview ===

  [tbl] Table0_Descriptive.csv

  [tex] Table0_Descriptive.tex

  Table0_Descriptive written.



========== PART III: TABLE 1 (PROGRESSIVE BALANCE) ==========


=== Table 1: Progressive Balance ===


Closure — Naive: +0.070pp | Pooled: +0.070pp | Cell-Year Wt: -0.416pp

LUST    — Naive: -1.540pp | Pooled: -1.541pp | Cell-Year Wt: -2.085pp

  [tbl] Table1_Balance.csv

  [tex] Table1_Balance.tex

  Table1_Balance written.



========== PART IV: CELL-LEVEL BALANCE DETAIL ==========

  Cell detail: 46 regression-sample cells (of 47 overlap cells total)

  46 cells in detail table

  [tbl] TableA_Balance_CellDetail.csv

  [tex] TableA_Balance_CellDetail.tex

  TableA_Balance_CellDetail written.



========== PART V: APPENDIX TABLES ==========

  Table B.1

  [tbl] TableB1_Attrition_Log.csv

  [tex] TableB1_Attrition_Log.tex

  TableB1_Attrition_Log written.

  Table B.3

  [tbl] TableB3_Missing_Date_Balance.csv

  [tex] TableB3_Missing_Date_Balance.tex

  TableB3_Missing_Date_Balance written.

  Table A.0

  DQ columns: state, study_group, total_tanks, pct_closed_missing_date, pct_missing_install_date, pct_miss_lat, pct_miss_county, pct_miss_capacity, pct_miss_tank_status, pct_miss_tank_substance, pct_miss_tank_type, pct_miss_fips, total_lusts, n_missing_report_date

  WARNING — Remainder in DQ but in CONTROL_STATES: GA, MO, WV

  [tbl] TableA0_DataQuality_ByState.csv

  [tex] TableA0_DataQuality_ByState.tex

  TableA0_DataQuality_ByState written.



=== 01l COMPLETE ===

  Figure_RestrictionEarnsParallelTrends (2x2)

  Table0_Descriptive.tex      (34 rows)

  Table1_Balance.tex          (3-row)

  TableA_Balance_CellDetail   (46 cells)

  TableB1_Attrition_Log.tex

  TableB3_Missing_Date_Balance.tex

  TableA0_DataQuality_ByState.tex

=== 01l_DataQuality_and_Balance complete 2026-03-16 14:00:14 ===
